<?xml version="1.0" encoding="UTF-8"?>
<!-- Generated by org.testng.reporters.JUnitReportReporter -->
<testsuite hostname="ISIPL-PUNV-L406.local" failures="0" tests="1" name="TestRunner.Run" time="22.316" errors="0" timestamp="2024-03-29T18:39:47 IST" skipped="0">
  <testcase classname="TestRunner.Run" name="runScenario" time="22.316"/>
</testsuite> <!-- TestRunner.Run -->
